# JRE version: Java(TM) SE Runtime Environment (17.0.6+9) (build 17.0.6+9-LTS-190)
# Java VM: Java HotSpot(TM) 64-Bit Server VM (17.0.6+9-LTS-190, mixed mode, sharing, tiered, compressed oops, compressed class ptrs, g1 gc, windows-amd64)
GC Precious Log:
 CPUs: 8 total, 8 available
 Memory: 7937M
 Large Page Support: Disabled
 NUMA Support: Disabled
 Compressed Oops: Enabled (32-bit)
 Heap Region Size: 1M
 Heap Min Capacity: 8M
 Heap Initial Capacity: 126M
 Heap Max Capacity: 1986M
 Pre-touch: Disabled
 Parallel Workers: 8
 Concurrent Workers: 2
 Concurrent Refinement Workers: 8
 Periodic GC: Disabled
Heap:
 garbage-first heap   total 275456K, used 141006K [0x0000000083e00000, 0x0000000100000000)
  region size 1024K, 2 young (2048K), 2 survivors (2048K)
 Metaspace       used 35574K, committed 36032K, reserved 1081344K
  class space    used 4387K, committed 4608K, reserved 1048576K
GC Heap History (20 events):
Event: 7.133 GC heap after
{Heap after GC invocations=11 (full 0):
 garbage-first heap   total 258048K, used 100237K [0x0000000083e00000, 0x0000000100000000)
  region size 1024K, 7 young (7168K), 7 survivors (7168K)
 Metaspace       used 25592K, committed 25920K, reserved 1073152K
  class space    used 3009K, committed 3136K, reserved 1048576K
}
Event: 7.939 GC heap before
{Heap before GC invocations=11 (full 0):
 garbage-first heap   total 258048K, used 199565K [0x0000000083e00000, 0x0000000100000000)
  region size 1024K, 104 young (106496K), 7 survivors (7168K)
 Metaspace       used 27780K, committed 28224K, reserved 1081344K
  class space    used 3240K, committed 3456K, reserved 1048576K
}
Event: 7.947 GC heap after
{Heap after GC invocations=12 (full 0):
 garbage-first heap   total 258048K, used 101719K [0x0000000083e00000, 0x0000000100000000)
  region size 1024K, 8 young (8192K), 8 survivors (8192K)
 Metaspace       used 27780K, committed 28224K, reserved 1081344K
  class space    used 3240K, committed 3456K, reserved 1048576K
}
Event: 8.293 GC heap before
{Heap before GC invocations=12 (full 0):
 garbage-first heap   total 258048K, used 143703K [0x0000000083e00000, 0x0000000100000000)
  region size 1024K, 50 young (51200K), 8 survivors (8192K)
 Metaspace       used 28666K, committed 29120K, reserved 1081344K
  class space    used 3339K, committed 3584K, reserved 1048576K
}
Event: 8.300 GC heap after
{Heap after GC invocations=13 (full 0):
 garbage-first heap   total 258048K, used 101520K [0x0000000083e00000, 0x0000000100000000)
  region size 1024K, 5 young (5120K), 5 survivors (5120K)
 Metaspace       used 28666K, committed 29120K, reserved 1081344K
  class space    used 3339K, committed 3584K, reserved 1048576K
}
Event: 9.790 GC heap before
{Heap before GC invocations=14 (full 0):
 garbage-first heap   total 258048K, used 210064K [0x0000000083e00000, 0x0000000100000000)
  region size 1024K, 111 young (113664K), 5 survivors (5120K)
 Metaspace       used 32670K, committed 33088K, reserved 1081344K
  class space    used 3951K, committed 4160K, reserved 1048576K
}
Event: 9.804 GC heap after
{Heap after GC invocations=15 (full 0):
 garbage-first heap   total 258048K, used 104617K [0x0000000083e00000, 0x0000000100000000)
  region size 1024K, 8 young (8192K), 8 survivors (8192K)
 Metaspace       used 32670K, committed 33088K, reserved 1081344K
  class space    used 3951K, committed 4160K, reserved 1048576K
}
Event: 9.840 GC heap before
{Heap before GC invocations=15 (full 0):
 garbage-first heap   total 258048K, used 108713K [0x0000000083e00000, 0x0000000100000000)
  region size 1024K, 12 young (12288K), 8 survivors (8192K)
 Metaspace       used 32670K, committed 33088K, reserved 1081344K
  class space    used 3951K, committed 4160K, reserved 1048576K
}
Event: 9.849 GC heap after
{Heap after GC invocations=16 (full 0):
 garbage-first heap   total 258048K, used 105245K [0x0000000083e00000, 0x0000000100000000)
  region size 1024K, 2 young (2048K), 2 survivors (2048K)
 Metaspace       used 32670K, committed 33088K, reserved 1081344K
  class space    used 3951K, committed 4160K, reserved 1048576K
}
Event: 10.761 GC heap before
{Heap before GC invocations=16 (full 0):
 garbage-first heap   total 258048K, used 211741K [0x0000000083e00000, 0x0000000100000000)
  region size 1024K, 106 young (108544K), 2 survivors (2048K)
 Metaspace       used 34278K, committed 34752K, reserved 1081344K
  class space    used 4202K, committed 4416K, reserved 1048576K
}
Event: 10.773 GC heap after
{Heap after GC invocations=17 (full 0):
 garbage-first heap   total 258048K, used 113581K [0x0000000083e00000, 0x0000000100000000)
  region size 1024K, 10 young (10240K), 10 survivors (10240K)
 Metaspace       used 34278K, committed 34752K, reserved 1081344K
  class space    used 4202K, committed 4416K, reserved 1048576K
}
Event: 11.436 GC heap before
{Heap before GC invocations=18 (full 0):
 garbage-first heap   total 258048K, used 209837K [0x0000000083e00000, 0x0000000100000000)
  region size 1024K, 104 young (106496K), 10 survivors (10240K)
 Metaspace       used 34991K, committed 35520K, reserved 1081344K
  class space    used 4319K, committed 4544K, reserved 1048576K
}
Event: 11.457 GC heap after
{Heap after GC invocations=19 (full 0):
 garbage-first heap   total 258048K, used 124143K [0x0000000083e00000, 0x0000000100000000)
  region size 1024K, 11 young (11264K), 11 survivors (11264K)
 Metaspace       used 34991K, committed 35520K, reserved 1081344K
  class space    used 4319K, committed 4544K, reserved 1048576K
}
Event: 11.460 GC heap before
{Heap before GC invocations=19 (full 0):
 garbage-first heap   total 258048K, used 125167K [0x0000000083e00000, 0x0000000100000000)
  region size 1024K, 12 young (12288K), 11 survivors (11264K)
 Metaspace       used 34991K, committed 35520K, reserved 1081344K
  class space    used 4319K, committed 4544K, reserved 1048576K
}
Event: 11.471 GC heap after
{Heap after GC invocations=20 (full 0):
 garbage-first heap   total 258048K, used 124714K [0x0000000083e00000, 0x0000000100000000)
  region size 1024K, 2 young (2048K), 2 survivors (2048K)
 Metaspace       used 34991K, committed 35520K, reserved 1081344K
  class space    used 4319K, committed 4544K, reserved 1048576K
}
Event: 11.736 GC heap before
{Heap before GC invocations=20 (full 0):
 garbage-first heap   total 258048K, used 209706K [0x0000000083e00000, 0x0000000100000000)
  region size 1024K, 85 young (87040K), 2 survivors (2048K)
 Metaspace       used 34992K, committed 35520K, reserved 1081344K
  class space    used 4319K, committed 4544K, reserved 1048576K
}
Event: 11.746 GC heap after
{Heap after GC invocations=21 (full 0):
 garbage-first heap   total 258048K, used 131573K [0x0000000083e00000, 0x0000000100000000)
  region size 1024K, 8 young (8192K), 8 survivors (8192K)
 Metaspace       used 34992K, committed 35520K, reserved 1081344K
  class space    used 4319K, committed 4544K, reserved 1048576K
}
Event: 12.153 GC heap before
{Heap before GC invocations=22 (full 0):
 garbage-first heap   total 275456K, used 210421K [0x0000000083e00000, 0x0000000100000000)
  region size 1024K, 85 young (87040K), 8 survivors (8192K)
 Metaspace       used 35574K, committed 36032K, reserved 1081344K
  class space    used 4387K, committed 4608K, reserved 1048576K
}
Event: 12.171 GC heap after
{Heap after GC invocations=23 (full 0):
 garbage-first heap   total 275456K, used 140177K [0x0000000083e00000, 0x0000000100000000)
  region size 1024K, 9 young (9216K), 9 survivors (9216K)
 Metaspace       used 35574K, committed 36032K, reserved 1081344K
  class space    used 4387K, committed 4608K, reserved 1048576K
}
Event: 12.182 GC heap before
{Heap before GC invocations=23 (full 0):
 garbage-first heap   total 275456K, used 144273K [0x0000000083e00000, 0x0000000100000000)
  region size 1024K, 13 young (13312K), 9 survivors (9216K)
 Metaspace       used 35574K, committed 36032K, reserved 1081344K
  class space    used 4387K, committed 4608K, reserved 1048576K
}

