# JRE version: Java(TM) SE Runtime Environment (17.0.6+9) (build 17.0.6+9-LTS-190)
# Java VM: Java HotSpot(TM) 64-Bit Server VM (17.0.6+9-LTS-190, mixed mode, sharing, tiered, compressed oops, compressed class ptrs, g1 gc, windows-amd64)
GC Precious Log:
 CPUs: 8 total, 8 available
 Memory: 7937M
 Large Page Support: Disabled
 NUMA Support: Disabled
 Compressed Oops: Enabled (32-bit)
 Heap Region Size: 1M
 Heap Min Capacity: 8M
 Heap Initial Capacity: 126M
 Heap Max Capacity: 1986M
 Pre-touch: Disabled
 Parallel Workers: 8
 Concurrent Workers: 2
 Concurrent Refinement Workers: 8
 Periodic GC: Disabled
Heap:
 garbage-first heap   total 531456K, used 450384K [0x0000000083e00000, 0x0000000100000000)
  region size 1024K, 273 young (279552K), 10 survivors (10240K)
 Metaspace       used 67885K, committed 68736K, reserved 1114112K
  class space    used 9588K, committed 9984K, reserved 1048576K
GC Heap History (20 events):
Event: 13.351 GC heap before
{Heap before GC invocations=25 (full 0):
 garbage-first heap   total 272384K, used 221163K [0x0000000083e00000, 0x0000000100000000)
  region size 1024K, 101 young (103424K), 11 survivors (11264K)
 Metaspace       used 35480K, committed 35968K, reserved 1081344K
  class space    used 4377K, committed 4608K, reserved 1048576K
}
Event: 13.368 GC heap after
{Heap after GC invocations=26 (full 0):
 garbage-first heap   total 272384K, used 138515K [0x0000000083e00000, 0x0000000100000000)
  region size 1024K, 10 young (10240K), 10 survivors (10240K)
 Metaspace       used 35480K, committed 35968K, reserved 1081344K
  class space    used 4377K, committed 4608K, reserved 1048576K
}
Event: 14.063 GC heap before
{Heap before GC invocations=26 (full 0):
 garbage-first heap   total 272384K, used 223507K [0x0000000083e00000, 0x0000000100000000)
  region size 1024K, 93 young (95232K), 10 survivors (10240K)
 Metaspace       used 37027K, committed 37568K, reserved 1089536K
  class space    used 4496K, committed 4736K, reserved 1048576K
}
Event: 14.080 GC heap after
{Heap after GC invocations=27 (full 0):
 garbage-first heap   total 272384K, used 143941K [0x0000000083e00000, 0x0000000100000000)
  region size 1024K, 5 young (5120K), 5 survivors (5120K)
 Metaspace       used 37027K, committed 37568K, reserved 1089536K
  class space    used 4496K, committed 4736K, reserved 1048576K
}
Event: 14.742 GC heap before
{Heap before GC invocations=27 (full 0):
 garbage-first heap   total 272384K, used 225861K [0x0000000083e00000, 0x0000000100000000)
  region size 1024K, 85 young (87040K), 5 survivors (5120K)
 Metaspace       used 39240K, committed 39808K, reserved 1089536K
  class space    used 4734K, committed 4992K, reserved 1048576K
}
Event: 14.752 GC heap after
{Heap after GC invocations=28 (full 0):
 garbage-first heap   total 272384K, used 145664K [0x0000000083e00000, 0x0000000100000000)
  region size 1024K, 7 young (7168K), 7 survivors (7168K)
 Metaspace       used 39240K, committed 39808K, reserved 1089536K
  class space    used 4734K, committed 4992K, reserved 1048576K
}
Event: 16.037 GC heap before
{Heap before GC invocations=28 (full 0):
 garbage-first heap   total 272384K, used 231680K [0x0000000083e00000, 0x0000000100000000)
  region size 1024K, 87 young (89088K), 7 survivors (7168K)
 Metaspace       used 42466K, committed 43008K, reserved 1089536K
  class space    used 5199K, committed 5440K, reserved 1048576K
}
Event: 16.055 GC heap after
{Heap after GC invocations=29 (full 0):
 garbage-first heap   total 272384K, used 159512K [0x0000000083e00000, 0x0000000100000000)
  region size 1024K, 11 young (11264K), 11 survivors (11264K)
 Metaspace       used 42466K, committed 43008K, reserved 1089536K
  class space    used 5199K, committed 5440K, reserved 1048576K
}
Event: 17.017 GC heap before
{Heap before GC invocations=29 (full 0):
 garbage-first heap   total 272384K, used 221976K [0x0000000083e00000, 0x0000000100000000)
  region size 1024K, 72 young (73728K), 11 survivors (11264K)
 Metaspace       used 45361K, committed 45888K, reserved 1089536K
  class space    used 5859K, committed 6080K, reserved 1048576K
}
Event: 17.032 GC heap after
{Heap after GC invocations=30 (full 0):
 garbage-first heap   total 272384K, used 164990K [0x0000000083e00000, 0x0000000100000000)
  region size 1024K, 5 young (5120K), 5 survivors (5120K)
 Metaspace       used 45361K, committed 45888K, reserved 1089536K
  class space    used 5859K, committed 6080K, reserved 1048576K
}
Event: 17.647 GC heap before
{Heap before GC invocations=30 (full 0):
 garbage-first heap   total 272384K, used 223358K [0x0000000083e00000, 0x0000000100000000)
  region size 1024K, 62 young (63488K), 5 survivors (5120K)
 Metaspace       used 47426K, committed 48000K, reserved 1097728K
  class space    used 6317K, committed 6592K, reserved 1048576K
}
Event: 17.653 GC heap after
{Heap after GC invocations=31 (full 0):
 garbage-first heap   total 272384K, used 166225K [0x0000000083e00000, 0x0000000100000000)
  region size 1024K, 1 young (1024K), 1 survivors (1024K)
 Metaspace       used 47426K, committed 48000K, reserved 1097728K
  class space    used 6317K, committed 6592K, reserved 1048576K
}
Event: 18.006 GC heap before
{Heap before GC invocations=31 (full 0):
 garbage-first heap   total 272384K, used 227665K [0x0000000083e00000, 0x0000000100000000)
  region size 1024K, 61 young (62464K), 1 survivors (1024K)
 Metaspace       used 48203K, committed 48768K, reserved 1097728K
  class space    used 6467K, committed 6720K, reserved 1048576K
}
Event: 18.013 GC heap after
{Heap after GC invocations=32 (full 0):
 garbage-first heap   total 272384K, used 169214K [0x0000000083e00000, 0x0000000100000000)
  region size 1024K, 4 young (4096K), 4 survivors (4096K)
 Metaspace       used 48203K, committed 48768K, reserved 1097728K
  class space    used 6467K, committed 6720K, reserved 1048576K
}
Event: 18.176 GC heap before
{Heap before GC invocations=32 (full 0):
 garbage-first heap   total 272384K, used 228606K [0x0000000083e00000, 0x0000000100000000)
  region size 1024K, 62 young (63488K), 4 survivors (4096K)
 Metaspace       used 48257K, committed 48768K, reserved 1097728K
  class space    used 6473K, committed 6720K, reserved 1048576K
}
Event: 18.188 GC heap after
{Heap after GC invocations=33 (full 0):
 garbage-first heap   total 272384K, used 173121K [0x0000000083e00000, 0x0000000100000000)
  region size 1024K, 8 young (8192K), 8 survivors (8192K)
 Metaspace       used 48257K, committed 48768K, reserved 1097728K
  class space    used 6473K, committed 6720K, reserved 1048576K
}
Event: 18.632 GC heap before
{Heap before GC invocations=33 (full 0):
 garbage-first heap   total 272384K, used 230465K [0x0000000083e00000, 0x0000000100000000)
  region size 1024K, 64 young (65536K), 8 survivors (8192K)
 Metaspace       used 49559K, committed 50112K, reserved 1097728K
  class space    used 6703K, committed 6976K, reserved 1048576K
}
Event: 18.645 GC heap after
{Heap after GC invocations=34 (full 0):
 garbage-first heap   total 531456K, used 175801K [0x0000000083e00000, 0x0000000100000000)
  region size 1024K, 7 young (7168K), 7 survivors (7168K)
 Metaspace       used 49559K, committed 50112K, reserved 1097728K
  class space    used 6703K, committed 6976K, reserved 1048576K
}
Event: 20.207 GC heap before
{Heap before GC invocations=34 (full 0):
 garbage-first heap   total 531456K, used 308921K [0x0000000083e00000, 0x0000000100000000)
  region size 1024K, 138 young (141312K), 7 survivors (7168K)
 Metaspace       used 56857K, committed 57536K, reserved 1105920K
  class space    used 8123K, committed 8448K, reserved 1048576K
}
Event: 20.219 GC heap after
{Heap after GC invocations=35 (full 0):
 garbage-first heap   total 531456K, used 179024K [0x0000000083e00000, 0x0000000100000000)
  region size 1024K, 10 young (10240K), 10 survivors (10240K)
 Metaspace       used 56857K, committed 57536K, reserved 1105920K
  class space    used 8123K, committed 8448K, reserved 1048576K
}

